La génération a démarré 2014-04-04 15:51:23.
     1>Projet "Z:\test2\ProjetFinalV2\Lab3_Clients\Lab302\Lab302.vcxproj" sur le nœud 2 (build cible(s)).
     1>InitializeBuildStatus:
         Création de "Release\Lab302.unsuccessfulbuild", car "AlwaysCreate" a été spécifié.
       ClCompile:
         c:\Program Files (x86)\Microsoft Visual Studio 10.0\VC\bin\CL.exe /c /Zi /nologo /W3 /WX- /O2 /Oi /Oy- /GL /D WIN32 /D NDEBUG /D _CONSOLE /D _UNICODE /D UNICODE /Gm- /EHsc /MD /GS /Gy /fp:precise /Zc:wchar_t /Zc:forScope /Fo"Release\\" /Fd"Release\vc100.pdb" /Gd /TP /analyze- /errorReport:prompt Main.cpp
         Main.cpp
       Link:
         c:\Program Files (x86)\Microsoft Visual Studio 10.0\VC\bin\link.exe /ERRORREPORT:PROMPT /OUT:"Z:\test2\ProjetFinalV2\Lab3_Clients\Release\Lab302.exe" /INCREMENTAL:NO /NOLOGO kernel32.lib user32.lib gdi32.lib winspool.lib comdlg32.lib advapi32.lib shell32.lib ole32.lib oleaut32.lib uuid.lib odbc32.lib odbccp32.lib /MANIFEST /ManifestFile:"Release\Lab302.exe.intermediate.manifest" /MANIFESTUAC:"level='asInvoker' uiAccess='false'" /DEBUG /PDB:"Z:\test2\ProjetFinalV2\Lab3_Clients\Release\Lab302.pdb" /SUBSYSTEM:CONSOLE /OPT:REF /OPT:ICF /LTCG /TLBID:1 /DYNAMICBASE /NXCOMPAT /IMPLIB:"Z:\test2\ProjetFinalV2\Lab3_Clients\Release\Lab302.lib" /MACHINE:X86 Release\Main.obj
         Génération de code en cours
         Fin de la génération du code
         Lab302.vcxproj -> Z:\test2\ProjetFinalV2\Lab3_Clients\Release\Lab302.exe
       Manifest:
         C:\Program Files (x86)\Microsoft SDKs\Windows\v7.0A\bin\mt.exe /nologo /verbose /outputresource:"Z:\test2\ProjetFinalV2\Lab3_Clients\Release\Lab302.exe;#1" /manifest Release\Lab302.exe.intermediate.manifest
       FinalizeBuildStatus:
         Suppression du fichier "Release\Lab302.unsuccessfulbuild".
         Mise à jour de l'horodatage "Release\Lab302.lastbuildstate".
     1>Génération du projet "Z:\test2\ProjetFinalV2\Lab3_Clients\Lab302\Lab302.vcxproj" terminée (build cible(s)).

La génération a réussi.

Temps écoulé 00:00:03.40
