GAS LISTING /tmp/cc1Er8W9.s 			page 1


   1               		.file	"tp6_ex4.cpp"
   2               	__SP_H__ = 0x3e
   3               	__SP_L__ = 0x3d
   4               	__SREG__ = 0x3f
   5               	__tmp_reg__ = 0
   6               	__zero_reg__ = 1
   7               		.stabs	"/usagers/damaib/Documents/Session3/inf1995/inf1995-20/equipe/inf1995-1620/Branche20/tp/tp6
   8               		.stabs	"tp6_ex4.cpp",100,0,4,.Ltext0
   9               		.text
  10               	.Ltext0:
  11               		.stabs	"gcc2_compiled.",60,0,0,0
  12               		.stabs	"__uint24:t(0,1)=@s24;r(0,1);0;077777777;",128,0,0,0
  13               		.stabs	"__int24:t(0,2)=@s24;r(0,2);040000000;037777777;",128,0,0,0
  14               		.stabs	"__builtin_va_list:t(0,3)=*(0,4)=(0,4)",128,0,0,0
  15               		.stabs	"complex long double:t(0,5)=R3;8;0;",128,0,0,0
  16               		.stabs	"complex double:t(0,6)=R3;8;0;",128,0,0,0
  17               		.stabs	"complex float:t(0,7)=R3;8;0;",128,0,0,0
  18               		.stabs	"complex int:t(0,8)=s4real:(0,9)=r(0,9);-32768;32767;,0,16;imag:(0,9),16,16;;",128,0,0,0
  19               		.stabs	"long long unsigned int:t(0,10)=@s64;r(0,10);0;01777777777777777777777;",128,0,0,0
  20               		.stabs	"long unsigned int:t(0,11)=@s32;r(0,11);0;037777777777;",128,0,0,0
  21               		.stabs	"unsigned int:t(0,12)=r(0,12);0;0177777;",128,0,0,0
  22               		.stabs	"unsigned char:t(0,13)=@s8;r(0,13);0;255;",128,0,0,0
  23               		.stabs	"long long int:t(0,14)=@s64;r(0,14);01000000000000000000000;0777777777777777777777;",128,0,
  24               		.stabs	"long int:t(0,15)=@s32;r(0,15);020000000000;017777777777;",128,0,0,0
  25               		.stabs	"int:t(0,9)",128,0,0,0
  26               		.stabs	"signed char:t(0,16)=@s8;r(0,16);-128;127;",128,0,0,0
  27               		.stabs	"char:t(0,17)=@s8;r(0,17);0;255;",128,0,0,0
  28               		.stabs	"signed:t(0,9)",128,0,0,0
  29               		.stabs	"unsigned long:t(0,11)",128,0,0,0
  30               		.stabs	"long long unsigned:t(0,10)",128,0,0,0
  31               		.stabs	"short int:t(0,18)=r(0,18);-32768;32767;",128,0,0,0
  32               		.stabs	"short unsigned int:t(0,19)=r(0,19);0;0177777;",128,0,0,0
  33               		.stabs	"unsigned short:t(0,19)",128,0,0,0
  34               		.stabs	"float:t(0,20)=r(0,9);4;0;",128,0,0,0
  35               		.stabs	"double:t(0,21)=r(0,9);4;0;",128,0,0,0
  36               		.stabs	"long double:t(0,22)=r(0,9);4;0;",128,0,0,0
  37               		.stabs	"void:t(0,4)",128,0,0,0
  38               		.stabs	"wchar_t:t(0,23)=r(0,23);-32768;32767;",128,0,0,0
  39               		.stabs	"bool:t(0,24)=@s8;-16;",128,0,0,0
  40               		.stabs	"__vtbl_ptr_type:t(0,25)=*(0,26)=f(0,9)",128,0,0,0
  41               		.stabs	"decltype(nullptr):t(0,27)=(0,27)",128,0,0,0
  42               		.stabs	"int8_t:t(0,28)=(0,16)",128,0,121,0
  43               		.stabs	"uint8_t:t(0,29)=(0,13)",128,0,122,0
  44               		.stabs	"int16_t:t(0,30)=(0,9)",128,0,123,0
  45               		.stabs	"uint16_t:t(0,31)=(0,12)",128,0,124,0
  46               		.stabs	"int32_t:t(0,32)=(0,15)",128,0,125,0
  47               		.stabs	"uint32_t:t(0,33)=(0,11)",128,0,126,0
  48               		.stabs	"int64_t:t(0,34)=(0,14)",128,0,128,0
  49               		.stabs	"uint64_t:t(0,35)=(0,10)",128,0,129,0
  50               		.stabs	"intptr_t:t(0,36)=(0,30)",128,0,142,0
  51               		.stabs	"uintptr_t:t(0,37)=(0,31)",128,0,147,0
  52               		.stabs	"int_least8_t:t(0,38)=(0,28)",128,0,159,0
  53               		.stabs	"uint_least8_t:t(0,39)=(0,29)",128,0,164,0
  54               		.stabs	"int_least16_t:t(0,40)=(0,30)",128,0,169,0
  55               		.stabs	"uint_least16_t:t(0,41)=(0,31)",128,0,174,0
  56               		.stabs	"int_least32_t:t(0,42)=(0,32)",128,0,179,0
  57               		.stabs	"uint_least32_t:t(0,43)=(0,33)",128,0,184,0
GAS LISTING /tmp/cc1Er8W9.s 			page 2


  58               		.stabs	"int_least64_t:t(0,44)=(0,34)",128,0,192,0
  59               		.stabs	"uint_least64_t:t(0,45)=(0,35)",128,0,199,0
  60               		.stabs	"int_fast8_t:t(0,46)=(0,28)",128,0,213,0
  61               		.stabs	"uint_fast8_t:t(0,47)=(0,29)",128,0,218,0
  62               		.stabs	"int_fast16_t:t(0,48)=(0,30)",128,0,223,0
  63               		.stabs	"uint_fast16_t:t(0,49)=(0,31)",128,0,228,0
  64               		.stabs	"int_fast32_t:t(0,50)=(0,32)",128,0,233,0
  65               		.stabs	"uint_fast32_t:t(0,51)=(0,33)",128,0,238,0
  66               		.stabs	"int_fast64_t:t(0,52)=(0,34)",128,0,246,0
  67               		.stabs	"uint_fast64_t:t(0,53)=(0,35)",128,0,253,0
  68               		.stabs	"intmax_t:t(0,54)=(0,34)",128,0,273,0
  69               		.stabs	"uintmax_t:t(0,55)=(0,35)",128,0,278,0
  70               		.stabs	"int_farptr_t:t(0,56)=(0,32)",128,0,77,0
  71               		.stabs	"uint_farptr_t:t(0,57)=(0,33)",128,0,81,0
  72               		.stabs	"._0:Tt(0,58)=s3low:(0,13),0,8;high:(0,13),8,8;extended:(0,13),16,8;;",128,0,240,0
  73               		.stabs	"__fuse_t:t(0,58)",128,0,244,0
  74               		.stabs	"Memoire24CXXX:Tt(0,59)=s1m_adresse_peripherique:/0(0,29):_ZN13Memoire24CXXX22m_adresse_per
  75               		.stabs	"_Z18initialisationUARTv:F(0,4)",36,0,20,_Z18initialisationUARTv
  76               	.global	_Z18initialisationUARTv
  77               		.type	_Z18initialisationUARTv, @function
  78               	_Z18initialisationUARTv:
  79               		.stabd	46,0,0
   1:tp6_ex4.cpp   **** /****************************************************************************
   2:tp6_ex4.cpp   ****  * Fichier: TP6_ex2.cpp
   3:tp6_ex4.cpp   ****  * Auteur: Yannick OUellet et David Mainville
   4:tp6_ex4.cpp   ****  * Date: 30 Septembre 2013
   5:tp6_ex4.cpp   ****  * DESCRIPTION :   Communication RS232
   6:tp6_ex4.cpp   ****  ****************************************************************************/
   7:tp6_ex4.cpp   **** 
   8:tp6_ex4.cpp   **** /* Information sur branchements */
   9:tp6_ex4.cpp   **** /* Port D5 branché sur Enable JM1*/
  10:tp6_ex4.cpp   **** /* Port D6 branché sur Enable JM2*/
  11:tp6_ex4.cpp   **** 
  12:tp6_ex4.cpp   **** // F_CPU permet de définir la vitesse du micro-controleur soit 8MHz
  13:tp6_ex4.cpp   **** #define F_CPU 8000000UL
  14:tp6_ex4.cpp   **** #include <avr/io.h>
  15:tp6_ex4.cpp   **** #include <util/delay.h>
  16:tp6_ex4.cpp   **** #include "memoire_24.h"
  17:tp6_ex4.cpp   **** 
  18:tp6_ex4.cpp   **** #define BOUTON_ENFONCE (PIND & _BV(2))
  19:tp6_ex4.cpp   **** 
  20:tp6_ex4.cpp   **** void initialisationUART ( void ) {
  80               		.stabn	68,0,20,.LM0-.LFBB1
  81               	.LM0:
  82               	.LFBB1:
  83               	/* prologue: function */
  84               	/* frame size = 0 */
  85               	/* stack size = 0 */
  86               	.L__stack_usage = 0
  21:tp6_ex4.cpp   **** 
  22:tp6_ex4.cpp   ****     // 2400 bauds. Nous vous donnons la valeur des deux
  23:tp6_ex4.cpp   ****     // premier registres pour vous éviter des complications
  24:tp6_ex4.cpp   ****     UBRR0H = 0;
  87               		.stabn	68,0,24,.LM1-.LFBB1
  88               	.LM1:
  89 0000 1092 C500 		sts 197,__zero_reg__
  25:tp6_ex4.cpp   ****     UBRR0L = 0xCF;
GAS LISTING /tmp/cc1Er8W9.s 			page 3


  90               		.stabn	68,0,25,.LM2-.LFBB1
  91               	.LM2:
  92 0004 8FEC      		ldi r24,lo8(-49)
  93 0006 8093 C400 		sts 196,r24
  26:tp6_ex4.cpp   ****     
  27:tp6_ex4.cpp   ****     
  28:tp6_ex4.cpp   ****     
  29:tp6_ex4.cpp   ****     // permettre la reception et la transmission par le UART0
  30:tp6_ex4.cpp   ****     UCSR0A |= 0; //Flags
  94               		.stabn	68,0,30,.LM3-.LFBB1
  95               	.LM3:
  96 000a E0EC      		ldi r30,lo8(-64)
  97 000c F0E0      		ldi r31,0
  98 000e 8081      		ld r24,Z
  99 0010 8083      		st Z,r24
  31:tp6_ex4.cpp   ****     
  32:tp6_ex4.cpp   ****     UCSR0B |= 1 <<RXEN0 | 1<<TXEN0 ;//Activer reception et transmission
 100               		.stabn	68,0,32,.LM4-.LFBB1
 101               	.LM4:
 102 0012 E1EC      		ldi r30,lo8(-63)
 103 0014 F0E0      		ldi r31,0
 104 0016 8081      		ld r24,Z
 105 0018 8861      		ori r24,lo8(24)
 106 001a 8083      		st Z,r24
  33:tp6_ex4.cpp   ****     /*UCSR0B |= 1 <<RXCIE0 //RXCIEn: RX Complete Interrupt Enable n
  34:tp6_ex4.cpp   ****     UCSR0B |= 1 <<TXCIE0 //TXCIEn: TX Complete Interrupt Enable n
  35:tp6_ex4.cpp   ****     UCSR0B |= 1 <<UDRIE0 //UDRIEn: USART Data Register Empty Interrupt Enable n*/
  36:tp6_ex4.cpp   ****     
  37:tp6_ex4.cpp   ****     // Format des trames: 8 bits, 1 stop bits, none parity
  38:tp6_ex4.cpp   ****     UCSR0C = 0; //UPM01 et UPM00 a 0 pour la non parite, USBS0 a 0 pour 1 stop bit
 107               		.stabn	68,0,38,.LM5-.LFBB1
 108               	.LM5:
 109 001c E2EC      		ldi r30,lo8(-62)
 110 001e F0E0      		ldi r31,0
 111 0020 1082      		st Z,__zero_reg__
  39:tp6_ex4.cpp   ****     UCSR0C |= 1 <<UCSZ01 | 1<<UCSZ00 |_BV(7) ;
 112               		.stabn	68,0,39,.LM6-.LFBB1
 113               	.LM6:
 114 0022 8081      		ld r24,Z
 115 0024 8668      		ori r24,lo8(-122)
 116 0026 8083      		st Z,r24
 117 0028 0895      		ret
 118               		.size	_Z18initialisationUARTv, .-_Z18initialisationUARTv
 119               	.Lscope1:
 120               		.stabs	"",36,0,0,.Lscope1-.LFBB1
 121               		.stabd	78,0,0
 122               		.stabs	"_Z16transmissionUARTh:F(0,4)",36,0,45,_Z16transmissionUARTh
 123               		.stabs	"donnee:P(0,29)",64,0,45,24
 124               	.global	_Z16transmissionUARTh
 125               		.type	_Z16transmissionUARTh, @function
 126               	_Z16transmissionUARTh:
 127               		.stabd	46,0,0
  40:tp6_ex4.cpp   ****     //UCSROC |= 1<<UMSEL00 //Synchrone
  41:tp6_ex4.cpp   **** }
  42:tp6_ex4.cpp   **** 
  43:tp6_ex4.cpp   **** // De l'USART vers le PC
  44:tp6_ex4.cpp   **** 
GAS LISTING /tmp/cc1Er8W9.s 			page 4


  45:tp6_ex4.cpp   **** void transmissionUART ( uint8_t donnee ) {
 128               		.stabn	68,0,45,.LM7-.LFBB2
 129               	.LM7:
 130               	.LFBB2:
 131               	/* prologue: function */
 132               	/* frame size = 0 */
 133               	/* stack size = 0 */
 134               	.L__stack_usage = 0
 135               	.L3:
  46:tp6_ex4.cpp   **** 
  47:tp6_ex4.cpp   ****     while(! (UCSR0A & (1<<UDRE0)) ) {}
 136               		.stabn	68,0,47,.LM8-.LFBB2
 137               	.LM8:
 138 002a 9091 C000 		lds r25,192
 139 002e 95FF      		sbrs r25,5
 140 0030 00C0      		rjmp .L3
  48:tp6_ex4.cpp   ****     
  49:tp6_ex4.cpp   ****     UDR0 = donnee;
 141               		.stabn	68,0,49,.LM9-.LFBB2
 142               	.LM9:
 143 0032 8093 C600 		sts 198,r24
 144 0036 0895      		ret
 145               		.size	_Z16transmissionUARTh, .-_Z16transmissionUARTh
 146               	.Lscope2:
 147               		.stabs	"",36,0,0,.Lscope2-.LFBB2
 148               		.stabd	78,0,0
 149               		.stabs	"_Z11lectureUARTv:F(0,4)",36,0,53,_Z11lectureUARTv
 150               	.global	_Z11lectureUARTv
 151               		.type	_Z11lectureUARTv, @function
 152               	_Z11lectureUARTv:
 153               		.stabd	46,0,0
  50:tp6_ex4.cpp   ****   
  51:tp6_ex4.cpp   **** }
  52:tp6_ex4.cpp   **** 
  53:tp6_ex4.cpp   **** void lectureUART()
  54:tp6_ex4.cpp   **** {
 154               		.stabn	68,0,54,.LM10-.LFBB3
 155               	.LM10:
 156               	.LFBB3:
 157 0038 CF92      		push r12
 158 003a DF92      		push r13
 159 003c EF92      		push r14
 160 003e FF92      		push r15
 161 0040 0F93      		push r16
 162 0042 1F93      		push r17
 163 0044 CF93      		push r28
 164 0046 DF93      		push r29
 165 0048 1F92      		push __zero_reg__
 166 004a CDB7      		in r28,__SP_L__
 167 004c DEB7      		in r29,__SP_H__
 168               	/* prologue: function */
 169               	/* frame size = 1 */
 170               	/* stack size = 9 */
 171               	.L__stack_usage = 9
 172               	.LBB2:
  55:tp6_ex4.cpp   ****     Memoire24CXXX mem = Memoire24CXXX();
 173               		.stabn	68,0,55,.LM11-.LFBB3
GAS LISTING /tmp/cc1Er8W9.s 			page 5


 174               	.LM11:
 175 004e EE24      		clr r14
 176 0050 E394      		inc r14
 177 0052 F12C      		mov r15,__zero_reg__
 178 0054 EC0E      		add r14,r28
 179 0056 FD1E      		adc r15,r29
 180 0058 C701      		movw r24,r14
 181 005a 0E94 0000 		call _ZN13Memoire24CXXXC1Ev
  56:tp6_ex4.cpp   ****     int position = 0x00;
  57:tp6_ex4.cpp   ****     uint8_t lettresLues = 0;
  58:tp6_ex4.cpp   ****     
  59:tp6_ex4.cpp   ****     PORTB = _BV(PORTB0); //Rouge
 182               		.stabn	68,0,59,.LM12-.LFBB3
 183               	.LM12:
 184 005e 81E0      		ldi r24,lo8(1)
 185 0060 85B9      		out 0x5,r24
  56:tp6_ex4.cpp   ****     int position = 0x00;
 186               		.stabn	68,0,56,.LM13-.LFBB3
 187               	.LM13:
 188 0062 00E0      		ldi r16,0
 189 0064 10E0      		ldi r17,0
 190               	.LBB3:
  60:tp6_ex4.cpp   ****     
  61:tp6_ex4.cpp   ****     
  62:tp6_ex4.cpp   ****     //while(!(position == 41 || position > 200))
  63:tp6_ex4.cpp   ****     while(!(lettresLues == 255 || position > 200))
  64:tp6_ex4.cpp   ****     {
  65:tp6_ex4.cpp   **** 	//Lecture
  66:tp6_ex4.cpp   **** 	uint8_t *l;
  67:tp6_ex4.cpp   **** 	mem.lecture(position,l);
 191               		.stabn	68,0,67,.LM14-.LFBB3
 192               	.LM14:
 193 0066 DE2C      		mov r13,r14
 194 0068 CF2C      		mov r12,r15
 195 006a 00C0      		rjmp .L9
 196               	.L13:
 197               	.LBE3:
  68:tp6_ex4.cpp   **** 	position++;
  69:tp6_ex4.cpp   **** 	lettresLues = *l;
  70:tp6_ex4.cpp   **** 	
  71:tp6_ex4.cpp   **** 	//Transmission
  72:tp6_ex4.cpp   **** 	transmissionUART ( lettresLues );
  73:tp6_ex4.cpp   ****     }
  74:tp6_ex4.cpp   ****     
  75:tp6_ex4.cpp   ****     PORTB = _BV(PORTB1); //Vert
 198               		.stabn	68,0,75,.LM15-.LFBB3
 199               	.LM15:
 200 006c 82E0      		ldi r24,lo8(2)
 201 006e 85B9      		out 0x5,r24
 202 0070 8D2D      		mov r24,r13
 203 0072 9C2D      		mov r25,r12
 204 0074 0E94 0000 		call _ZN13Memoire24CXXXD1Ev
 205 0078 00C0      		rjmp .L12
 206               	.L9:
 207               	.LBB4:
  67:tp6_ex4.cpp   **** 	mem.lecture(position,l);
 208               		.stabn	68,0,67,.LM16-.LFBB3
GAS LISTING /tmp/cc1Er8W9.s 			page 6


 209               	.LM16:
 210 007a E12C      		mov r14,__zero_reg__
 211 007c F12C      		mov r15,__zero_reg__
 212 007e A701      		movw r20,r14
 213 0080 B801      		movw r22,r16
 214 0082 8D2D      		mov r24,r13
 215 0084 9C2D      		mov r25,r12
 216 0086 0E94 0000 		call _ZN13Memoire24CXXX7lectureEjPh
  68:tp6_ex4.cpp   **** 	position++;
 217               		.stabn	68,0,68,.LM17-.LFBB3
 218               	.LM17:
 219 008a 0F5F      		subi r16,-1
 220 008c 1F4F      		sbci r17,-1
  72:tp6_ex4.cpp   **** 	transmissionUART ( lettresLues );
 221               		.stabn	68,0,72,.LM18-.LFBB3
 222               	.LM18:
 223 008e F701      		movw r30,r14
 224 0090 8081      		ld r24,Z
 225 0092 0E94 0000 		call _Z16transmissionUARTh
 226               	.LBE4:
  63:tp6_ex4.cpp   ****     while(!(lettresLues == 255 || position > 200))
 227               		.stabn	68,0,63,.LM19-.LFBB3
 228               	.LM19:
 229 0096 093C      		cpi r16,-55
 230 0098 1105      		cpc r17,__zero_reg__
 231 009a 01F0      		breq .L13
 232 009c 00C0      		rjmp .L9
 233               	.L12:
 234               	/* epilogue start */
 235               	.LBE2:
  76:tp6_ex4.cpp   **** 
  77:tp6_ex4.cpp   **** }
 236               		.stabn	68,0,77,.LM20-.LFBB3
 237               	.LM20:
 238 009e 0F90      		pop __tmp_reg__
 239 00a0 DF91      		pop r29
 240 00a2 CF91      		pop r28
 241 00a4 1F91      		pop r17
 242 00a6 0F91      		pop r16
 243 00a8 FF90      		pop r15
 244 00aa EF90      		pop r14
 245 00ac DF90      		pop r13
 246 00ae CF90      		pop r12
 247 00b0 0895      		ret
 248               		.size	_Z11lectureUARTv, .-_Z11lectureUARTv
 249               		.stabs	"mem:(0,59)",128,0,55,1
 250               		.stabs	"position:r(0,9)",64,0,56,16
 251               		.stabn	192,0,0,.LBB2-.LFBB3
 252               		.stabs	"l:r(0,65)",64,0,66,14
 253               		.stabn	192,0,0,.LBB3-.LFBB3
 254               		.stabn	224,0,0,.LBE3-.LFBB3
 255               		.stabs	"l:r(0,65)",64,0,66,14
 256               		.stabn	192,0,0,.LBB4-.LFBB3
 257               		.stabn	224,0,0,.LBE4-.LFBB3
 258               		.stabn	224,0,0,.LBE2-.LFBB3
 259               	.Lscope3:
 260               		.stabs	"",36,0,0,.Lscope3-.LFBB3
GAS LISTING /tmp/cc1Er8W9.s 			page 7


 261               		.stabd	78,0,0
 262               		.section	.text.startup,"ax",@progbits
 263               		.stabs	"main:F(0,9)",36,0,79,main
 264               	.global	main
 265               		.type	main, @function
 266               	main:
 267               		.stabd	46,0,0
  78:tp6_ex4.cpp   **** 
  79:tp6_ex4.cpp   **** int main()
  80:tp6_ex4.cpp   **** {
 268               		.stabn	68,0,80,.LM21-.LFBB4
 269               	.LM21:
 270               	.LFBB4:
 271               	/* prologue: function */
 272               	/* frame size = 0 */
 273               	/* stack size = 0 */
 274               	.L__stack_usage = 0
  81:tp6_ex4.cpp   ****     DDRD = 0xff; // PORT D est en mode sortie.
 275               		.stabn	68,0,81,.LM22-.LFBB4
 276               	.LM22:
 277 0000 8FEF      		ldi r24,lo8(-1)
 278 0002 8AB9      		out 0xa,r24
  82:tp6_ex4.cpp   ****     DDRB = 0xff; // PORT B est en mode sortie.
 279               		.stabn	68,0,82,.LM23-.LFBB4
 280               	.LM23:
 281 0004 84B9      		out 0x4,r24
  83:tp6_ex4.cpp   ****     
  84:tp6_ex4.cpp   ****     initialisationUART();
 282               		.stabn	68,0,84,.LM24-.LFBB4
 283               	.LM24:
 284 0006 0E94 0000 		call _Z18initialisationUARTv
  85:tp6_ex4.cpp   ****     
  86:tp6_ex4.cpp   ****     lectureUART();
 285               		.stabn	68,0,86,.LM25-.LFBB4
 286               	.LM25:
 287 000a 0E94 0000 		call _Z11lectureUARTv
  87:tp6_ex4.cpp   **** 
  88:tp6_ex4.cpp   ****     return 0;
  89:tp6_ex4.cpp   **** }
 288               		.stabn	68,0,89,.LM26-.LFBB4
 289               	.LM26:
 290 000e 80E0      		ldi r24,0
 291 0010 90E0      		ldi r25,0
 292 0012 0895      		ret
 293               		.size	main, .-main
 294               	.Lscope4:
 295               		.stabs	"",36,0,0,.Lscope4-.LFBB4
 296               		.stabd	78,0,0
 297               		.text
 298               		.stabs	"",100,0,0,.Letext0
 299               	.Letext0:
 300               		.ident	"GCC: (Fedora 4.7.3-0.1.fc19) 4.7.3 20130216 (prerelease)"
GAS LISTING /tmp/cc1Er8W9.s 			page 8


DEFINED SYMBOLS
                            *ABS*:0000000000000000 tp6_ex4.cpp
     /tmp/cc1Er8W9.s:2      *ABS*:000000000000003e __SP_H__
     /tmp/cc1Er8W9.s:3      *ABS*:000000000000003d __SP_L__
     /tmp/cc1Er8W9.s:4      *ABS*:000000000000003f __SREG__
     /tmp/cc1Er8W9.s:5      *ABS*:0000000000000000 __tmp_reg__
     /tmp/cc1Er8W9.s:6      *ABS*:0000000000000001 __zero_reg__
     /tmp/cc1Er8W9.s:78     .text:0000000000000000 _Z18initialisationUARTv
     /tmp/cc1Er8W9.s:126    .text:000000000000002a _Z16transmissionUARTh
     /tmp/cc1Er8W9.s:152    .text:0000000000000038 _Z11lectureUARTv
     /tmp/cc1Er8W9.s:266    .text.startup:0000000000000000 main

UNDEFINED SYMBOLS
_ZN13Memoire24CXXXC1Ev
_ZN13Memoire24CXXXD1Ev
_ZN13Memoire24CXXX7lectureEjPh
